2023-07-26T01:03:22.807Z   +378ms [debug] Config loaded {"version":"2.22.1","cdkVersion":"2.84.0","constructsVersion":"10.1.156","config":{"name":"poc-sst-next","region":"us-east-1","stage":"henriqueeidt","ssmPrefix":"/sst/poc-sst-next/henriqueeidt/"},"metafile":{"inputs":{"sst.config.ts":{"bytes":216,"imports":[{"path":"sst","kind":"import-statement","external":true},{"path":"sst/constructs","kind":"import-statement","external":true}],"format":"esm"}},"outputs":{".sst.config.1690333402750.mjs":{"imports":[],"exports":["default"],"entryPoint":"sst.config.ts","inputs":{"sst.config.ts":{"bytesInOutput":127}},"bytes":309}}},"paths":{"config":"/Users/henriqueeidt/Documents/Projects/poc-sst-next/sst.config.ts","root":"/Users/henriqueeidt/Documents/Projects/poc-sst-next","out":"/Users/henriqueeidt/Documents/Projects/poc-sst-next/.sst","artifacts":"/Users/henriqueeidt/Documents/Projects/poc-sst-next/.sst/artifacts"}}
2023-07-26T01:03:24.045Z  +1238ms [debug] Using AWS profile 
2023-07-26T01:03:24.065Z    +20ms [debug] Created AWS client IoTClient
2023-07-26T01:03:24.065Z     +0ms [debug] Getting IoT endpoint
2023-07-26T01:03:24.555Z   +490ms [debug] Using IoT endpoint: am4zod4mgpf0n-ats.iot.us-east-1.amazonaws.com
2023-07-26T01:03:24.555Z     +0ms [debug] Initializing bootstrap context
2023-07-26T01:03:24.556Z     +1ms [debug] Created AWS client CloudFormationClient
2023-07-26T01:03:25.229Z   +673ms [debug] Loaded bootstrap status
2023-07-26T01:03:25.229Z     +0ms [debug] Bootstrap context initialized {"status":"ready","version":"7.2","bucket":"sstbootstrap-useast124d14e4b-arv4k8p0ao5e"}
2023-07-26T01:03:25.230Z     +1ms [debug] Created AWS client S3Client
2023-07-26T01:03:25.267Z    +37ms [debug] Fetching all metadata
2023-07-26T01:03:25.927Z   +660ms [debug] IoT connected
2023-07-26T01:03:26.104Z   +177ms [debug] Fetched metadata from 1 stacks
2023-07-26T01:03:26.108Z     +4ms [debug] Created AWS client LambdaClient
2023-07-26T01:03:26.801Z   +693ms [debug] Created AWS client STSClient
2023-07-26T02:17:19.320Z +4432519ms [debug] IoT error {"errno":-54,"code":"ECONNRESET","syscall":"read","type":"error","target":{"_events":{},"_eventsCount":0,"readyState":3,"bytesReceived":57,"extensions":null,"protocol":"mqttv3.1","_binaryType":"arraybuffer","_closeFrameReceived":false,"_closeFrameSent":false,"_closeMessage":"","_closeTimer":null,"_finalized":true,"_closeCode":1006,"_receiver":null,"_sender":null,"_socket":null,"_ultron":null,"protocolVersion":13,"_isServer":false,"url":"wss://am4zod4mgpf0n-ats.iot.us-east-1.amazonaws.com/mqtt?X-Amz-Algorithm=AWS4-HMAC-SHA256&X-Amz-Credential=AKIAQJVNZSDNJKAHB6GU%2F20230726%2Fus-east-1%2Fiotdevicegateway%2Faws4_request&X-Amz-Date=20230726T010325Z&X-Amz-SignedHeaders=host&X-Amz-Signature=8ac816ad0da5794e4d12f8d5c03167645219c25fa153de3170857fb7139cc535","_req":null}}
2023-07-26T02:17:19.329Z     +9ms [debug] IoT closed
2023-07-26T02:17:20.332Z  +1003ms [debug] IoT reconnected
2023-07-26T02:17:21.084Z   +752ms [debug] IoT connected
2023-07-26T02:33:29.329Z +968245ms [debug] IoT error {"errno":-54,"code":"ECONNRESET","syscall":"read","type":"error","target":{"_events":{},"_eventsCount":0,"readyState":3,"bytesReceived":13,"extensions":null,"protocol":"mqttv3.1","_binaryType":"arraybuffer","_closeFrameReceived":false,"_closeFrameSent":false,"_closeMessage":"","_closeTimer":null,"_finalized":true,"_closeCode":1006,"_receiver":null,"_sender":null,"_socket":null,"_ultron":null,"protocolVersion":13,"_isServer":false,"url":"wss://am4zod4mgpf0n-ats.iot.us-east-1.amazonaws.com/mqtt?X-Amz-Algorithm=AWS4-HMAC-SHA256&X-Amz-Credential=AKIAQJVNZSDNJKAHB6GU%2F20230726%2Fus-east-1%2Fiotdevicegateway%2Faws4_request&X-Amz-Date=20230726T021720Z&X-Amz-SignedHeaders=host&X-Amz-Signature=5142f8be9fb69e32a3d48d6d8eeab05b99e01a85ed3bec153722bf452aa40f24","_req":null}}
2023-07-26T02:33:29.330Z     +1ms [debug] IoT closed
2023-07-26T02:33:30.333Z  +1003ms [debug] IoT reconnected
2023-07-26T02:33:31.033Z   +700ms [debug] IoT connected
2023-07-26T02:50:31.983Z +1020950ms [debug] IoT error {"errno":-54,"code":"ECONNRESET","syscall":"read","type":"error","target":{"_events":{},"_eventsCount":0,"readyState":3,"bytesReceived":13,"extensions":null,"protocol":"mqttv3.1","_binaryType":"arraybuffer","_closeFrameReceived":false,"_closeFrameSent":false,"_closeMessage":"","_closeTimer":null,"_finalized":true,"_closeCode":1006,"_receiver":null,"_sender":null,"_socket":null,"_ultron":null,"protocolVersion":13,"_isServer":false,"url":"wss://am4zod4mgpf0n-ats.iot.us-east-1.amazonaws.com/mqtt?X-Amz-Algorithm=AWS4-HMAC-SHA256&X-Amz-Credential=AKIAQJVNZSDNJKAHB6GU%2F20230726%2Fus-east-1%2Fiotdevicegateway%2Faws4_request&X-Amz-Date=20230726T023330Z&X-Amz-SignedHeaders=host&X-Amz-Signature=9d160670fa50b28aee9037850987884c4f88a819a5f66412b8c59987e1a19386","_req":null}}
2023-07-26T02:50:31.983Z     +0ms [debug] IoT closed
2023-07-26T02:50:32.984Z  +1001ms [debug] IoT reconnected
2023-07-26T02:50:33.678Z   +694ms [debug] IoT connected
2023-07-26T03:09:11.115Z +1117437ms [debug] IoT error {"errno":-54,"code":"ECONNRESET","syscall":"read","type":"error","target":{"_events":{},"_eventsCount":0,"readyState":3,"bytesReceived":13,"extensions":null,"protocol":"mqttv3.1","_binaryType":"arraybuffer","_closeFrameReceived":false,"_closeFrameSent":false,"_closeMessage":"","_closeTimer":null,"_finalized":true,"_closeCode":1006,"_receiver":null,"_sender":null,"_socket":null,"_ultron":null,"protocolVersion":13,"_isServer":false,"url":"wss://am4zod4mgpf0n-ats.iot.us-east-1.amazonaws.com/mqtt?X-Amz-Algorithm=AWS4-HMAC-SHA256&X-Amz-Credential=AKIAQJVNZSDNJKAHB6GU%2F20230726%2Fus-east-1%2Fiotdevicegateway%2Faws4_request&X-Amz-Date=20230726T025032Z&X-Amz-SignedHeaders=host&X-Amz-Signature=3a496becc3af0875f97a9af75273e3853027f1471d6804c2cfd1ebb9721b5932","_req":null}}
2023-07-26T03:09:11.116Z     +1ms [debug] IoT closed
2023-07-26T03:09:12.118Z  +1002ms [debug] IoT reconnected
2023-07-26T03:09:12.816Z   +698ms [debug] IoT connected
2023-07-26T03:30:34.016Z +1281200ms [debug] IoT error {"errno":-54,"code":"ECONNRESET","syscall":"read","type":"error","target":{"_events":{},"_eventsCount":0,"readyState":3,"bytesReceived":17,"extensions":null,"protocol":"mqttv3.1","_binaryType":"arraybuffer","_closeFrameReceived":false,"_closeFrameSent":false,"_closeMessage":"","_closeTimer":null,"_finalized":true,"_closeCode":1006,"_receiver":null,"_sender":null,"_socket":null,"_ultron":null,"protocolVersion":13,"_isServer":false,"url":"wss://am4zod4mgpf0n-ats.iot.us-east-1.amazonaws.com/mqtt?X-Amz-Algorithm=AWS4-HMAC-SHA256&X-Amz-Credential=AKIAQJVNZSDNJKAHB6GU%2F20230726%2Fus-east-1%2Fiotdevicegateway%2Faws4_request&X-Amz-Date=20230726T030912Z&X-Amz-SignedHeaders=host&X-Amz-Signature=3738cbf9a3f9f722d75cca2e684e741d1a42c36c94da04d3c8b60680dec492bb","_req":null}}
2023-07-26T03:30:34.017Z     +1ms [debug] IoT closed
2023-07-26T03:30:35.018Z  +1001ms [debug] IoT reconnected
2023-07-26T03:30:35.696Z   +678ms [debug] IoT connected
2023-07-26T03:45:40.065Z +904369ms [debug] IoT error {"errno":-54,"code":"ECONNRESET","syscall":"read","type":"error","target":{"_events":{},"_eventsCount":0,"readyState":3,"bytesReceived":13,"extensions":null,"protocol":"mqttv3.1","_binaryType":"arraybuffer","_closeFrameReceived":false,"_closeFrameSent":false,"_closeMessage":"","_closeTimer":null,"_finalized":true,"_closeCode":1006,"_receiver":null,"_sender":null,"_socket":null,"_ultron":null,"protocolVersion":13,"_isServer":false,"url":"wss://am4zod4mgpf0n-ats.iot.us-east-1.amazonaws.com/mqtt?X-Amz-Algorithm=AWS4-HMAC-SHA256&X-Amz-Credential=AKIAQJVNZSDNJKAHB6GU%2F20230726%2Fus-east-1%2Fiotdevicegateway%2Faws4_request&X-Amz-Date=20230726T033035Z&X-Amz-SignedHeaders=host&X-Amz-Signature=3415e76cf68f785697f8406fa888b68a0ce589f495292132386ad1973c339342","_req":null}}
2023-07-26T03:45:40.065Z     +0ms [debug] IoT closed
2023-07-26T03:45:41.068Z  +1003ms [debug] IoT reconnected
2023-07-26T03:45:41.820Z   +752ms [debug] IoT connected
2023-07-26T04:02:37.114Z +1015294ms [debug] IoT error {"errno":-54,"code":"ECONNRESET","syscall":"read","type":"error","target":{"_events":{},"_eventsCount":0,"readyState":3,"bytesReceived":13,"extensions":null,"protocol":"mqttv3.1","_binaryType":"arraybuffer","_closeFrameReceived":false,"_closeFrameSent":false,"_closeMessage":"","_closeTimer":null,"_finalized":true,"_closeCode":1006,"_receiver":null,"_sender":null,"_socket":null,"_ultron":null,"protocolVersion":13,"_isServer":false,"url":"wss://am4zod4mgpf0n-ats.iot.us-east-1.amazonaws.com/mqtt?X-Amz-Algorithm=AWS4-HMAC-SHA256&X-Amz-Credential=AKIAQJVNZSDNJKAHB6GU%2F20230726%2Fus-east-1%2Fiotdevicegateway%2Faws4_request&X-Amz-Date=20230726T034541Z&X-Amz-SignedHeaders=host&X-Amz-Signature=f209dcd124e8b681aca922af2cbd8b7f7eeef0d7b4b6df9b939739213101c567","_req":null}}
2023-07-26T04:02:37.115Z     +1ms [debug] IoT closed
2023-07-26T04:02:38.117Z  +1002ms [debug] IoT reconnected
2023-07-26T04:02:38.805Z   +688ms [debug] IoT connected
2023-07-26T04:19:28.927Z +1010122ms [debug] IoT error {"errno":-54,"code":"ECONNRESET","syscall":"read","type":"error","target":{"_events":{},"_eventsCount":0,"readyState":3,"bytesReceived":13,"extensions":null,"protocol":"mqttv3.1","_binaryType":"arraybuffer","_closeFrameReceived":false,"_closeFrameSent":false,"_closeMessage":"","_closeTimer":null,"_finalized":true,"_closeCode":1006,"_receiver":null,"_sender":null,"_socket":null,"_ultron":null,"protocolVersion":13,"_isServer":false,"url":"wss://am4zod4mgpf0n-ats.iot.us-east-1.amazonaws.com/mqtt?X-Amz-Algorithm=AWS4-HMAC-SHA256&X-Amz-Credential=AKIAQJVNZSDNJKAHB6GU%2F20230726%2Fus-east-1%2Fiotdevicegateway%2Faws4_request&X-Amz-Date=20230726T040238Z&X-Amz-SignedHeaders=host&X-Amz-Signature=09beef32f4c5a317215368895d2a1ab27afa84bbbdf47b6533c5b11d04693cb7","_req":null}}
2023-07-26T04:19:28.927Z     +0ms [debug] IoT closed
2023-07-26T04:19:29.929Z  +1002ms [debug] IoT reconnected
2023-07-26T04:19:30.624Z   +695ms [debug] IoT connected
2023-07-26T04:35:25.793Z +955169ms [debug] IoT error {"errno":-54,"code":"ECONNRESET","syscall":"read","type":"error","target":{"_events":{},"_eventsCount":0,"readyState":3,"bytesReceived":13,"extensions":null,"protocol":"mqttv3.1","_binaryType":"arraybuffer","_closeFrameReceived":false,"_closeFrameSent":false,"_closeMessage":"","_closeTimer":null,"_finalized":true,"_closeCode":1006,"_receiver":null,"_sender":null,"_socket":null,"_ultron":null,"protocolVersion":13,"_isServer":false,"url":"wss://am4zod4mgpf0n-ats.iot.us-east-1.amazonaws.com/mqtt?X-Amz-Algorithm=AWS4-HMAC-SHA256&X-Amz-Credential=AKIAQJVNZSDNJKAHB6GU%2F20230726%2Fus-east-1%2Fiotdevicegateway%2Faws4_request&X-Amz-Date=20230726T041929Z&X-Amz-SignedHeaders=host&X-Amz-Signature=fdae1f65cda51b4da5523494bb394c90265d927f408110326459c885f083d5f3","_req":null}}
2023-07-26T04:35:25.793Z     +0ms [debug] IoT closed
2023-07-26T04:35:26.794Z  +1001ms [debug] IoT reconnected
2023-07-26T04:35:27.498Z   +704ms [debug] IoT connected
2023-07-26T04:55:57.617Z +1230119ms [debug] IoT closed
2023-07-26T04:55:58.616Z   +999ms [debug] IoT reconnected
2023-07-26T04:55:58.629Z    +13ms [debug] IoT error {"errno":-3008,"code":"ENOTFOUND","syscall":"getaddrinfo","hostname":"am4zod4mgpf0n-ats.iot.us-east-1.amazonaws.com","type":"error","target":{"_events":{},"_eventsCount":0,"readyState":3,"bytesReceived":0,"extensions":null,"protocol":"","_binaryType":"arraybuffer","_closeFrameReceived":false,"_closeFrameSent":false,"_closeMessage":"","_closeTimer":null,"_finalized":true,"_closeCode":1006,"_receiver":null,"_sender":null,"_socket":null,"_ultron":null,"protocolVersion":13,"_isServer":false,"url":"wss://am4zod4mgpf0n-ats.iot.us-east-1.amazonaws.com/mqtt?X-Amz-Algorithm=AWS4-HMAC-SHA256&X-Amz-Credential=AKIAQJVNZSDNJKAHB6GU%2F20230726%2Fus-east-1%2Fiotdevicegateway%2Faws4_request&X-Amz-Date=20230726T045558Z&X-Amz-SignedHeaders=host&X-Amz-Signature=658bff08c7ca4b3dc7c8923cd2c209a9712a17ff940355e71c6b5f9f3d9f0751","_req":null}}
2023-07-26T04:55:58.629Z     +0ms [debug] IoT closed
2023-07-26T04:56:00.631Z  +2002ms [debug] IoT reconnected
2023-07-26T04:56:00.637Z     +6ms [debug] IoT error {"errno":-3008,"code":"ENOTFOUND","syscall":"getaddrinfo","hostname":"am4zod4mgpf0n-ats.iot.us-east-1.amazonaws.com","type":"error","target":{"_events":{},"_eventsCount":0,"readyState":3,"bytesReceived":0,"extensions":null,"protocol":"","_binaryType":"arraybuffer","_closeFrameReceived":false,"_closeFrameSent":false,"_closeMessage":"","_closeTimer":null,"_finalized":true,"_closeCode":1006,"_receiver":null,"_sender":null,"_socket":null,"_ultron":null,"protocolVersion":13,"_isServer":false,"url":"wss://am4zod4mgpf0n-ats.iot.us-east-1.amazonaws.com/mqtt?X-Amz-Algorithm=AWS4-HMAC-SHA256&X-Amz-Credential=AKIAQJVNZSDNJKAHB6GU%2F20230726%2Fus-east-1%2Fiotdevicegateway%2Faws4_request&X-Amz-Date=20230726T045600Z&X-Amz-SignedHeaders=host&X-Amz-Signature=e11c0b0472f65364acb8ed456fa6c090c42f18d3e16f2192d8a0fef280022ff9","_req":null}}
2023-07-26T04:56:00.637Z     +0ms [debug] IoT closed
2023-07-26T04:56:04.639Z  +4002ms [debug] IoT reconnected
2023-07-26T04:56:05.678Z  +1039ms [debug] IoT connected
2023-07-26T05:04:01.251Z +475573ms [debug] IoT error {"errno":-54,"code":"ECONNRESET","syscall":"read","type":"error","target":{"_events":{},"_eventsCount":0,"readyState":3,"bytesReceived":13,"extensions":null,"protocol":"mqttv3.1","_binaryType":"arraybuffer","_closeFrameReceived":false,"_closeFrameSent":false,"_closeMessage":"","_closeTimer":null,"_finalized":true,"_closeCode":1006,"_receiver":null,"_sender":null,"_socket":null,"_ultron":null,"protocolVersion":13,"_isServer":false,"url":"wss://am4zod4mgpf0n-ats.iot.us-east-1.amazonaws.com/mqtt?X-Amz-Algorithm=AWS4-HMAC-SHA256&X-Amz-Credential=AKIAQJVNZSDNJKAHB6GU%2F20230726%2Fus-east-1%2Fiotdevicegateway%2Faws4_request&X-Amz-Date=20230726T045604Z&X-Amz-SignedHeaders=host&X-Amz-Signature=ac56e999ca429d8880a330d72ee25881e8f1a7ba535b9dfc4f8232a30ba71636","_req":null}}
2023-07-26T05:04:01.251Z     +0ms [debug] IoT closed
2023-07-26T05:04:02.168Z   +917ms [debug] IoT reconnected
2023-07-26T05:04:02.893Z   +725ms [debug] IoT connected
2023-07-26T05:19:46.572Z +943679ms [debug] IoT error {"errno":-54,"code":"ECONNRESET","syscall":"read","type":"error","target":{"_events":{},"_eventsCount":0,"readyState":3,"bytesReceived":13,"extensions":null,"protocol":"mqttv3.1","_binaryType":"arraybuffer","_closeFrameReceived":false,"_closeFrameSent":false,"_closeMessage":"","_closeTimer":null,"_finalized":true,"_closeCode":1006,"_receiver":null,"_sender":null,"_socket":null,"_ultron":null,"protocolVersion":13,"_isServer":false,"url":"wss://am4zod4mgpf0n-ats.iot.us-east-1.amazonaws.com/mqtt?X-Amz-Algorithm=AWS4-HMAC-SHA256&X-Amz-Credential=AKIAQJVNZSDNJKAHB6GU%2F20230726%2Fus-east-1%2Fiotdevicegateway%2Faws4_request&X-Amz-Date=20230726T050402Z&X-Amz-SignedHeaders=host&X-Amz-Signature=60ddaed3867630f177f62f91667790ba79065d132800328337cfce542122cca6","_req":null}}
2023-07-26T05:19:46.574Z     +2ms [debug] IoT closed
2023-07-26T05:19:47.577Z  +1003ms [debug] IoT reconnected
2023-07-26T05:19:48.273Z   +696ms [debug] IoT connected
2023-07-26T05:38:01.813Z +1093540ms [debug] IoT error {"errno":-54,"code":"ECONNRESET","syscall":"read","type":"error","target":{"_events":{},"_eventsCount":0,"readyState":3,"bytesReceived":13,"extensions":null,"protocol":"mqttv3.1","_binaryType":"arraybuffer","_closeFrameReceived":false,"_closeFrameSent":false,"_closeMessage":"","_closeTimer":null,"_finalized":true,"_closeCode":1006,"_receiver":null,"_sender":null,"_socket":null,"_ultron":null,"protocolVersion":13,"_isServer":false,"url":"wss://am4zod4mgpf0n-ats.iot.us-east-1.amazonaws.com/mqtt?X-Amz-Algorithm=AWS4-HMAC-SHA256&X-Amz-Credential=AKIAQJVNZSDNJKAHB6GU%2F20230726%2Fus-east-1%2Fiotdevicegateway%2Faws4_request&X-Amz-Date=20230726T051947Z&X-Amz-SignedHeaders=host&X-Amz-Signature=fe6c1fa6fc4ad963eab4f23da38700afba967a417592437620f05d3c4f23a281","_req":null}}
2023-07-26T05:38:01.814Z     +1ms [debug] IoT closed
2023-07-26T05:38:02.816Z  +1002ms [debug] IoT reconnected
2023-07-26T05:38:03.536Z   +720ms [debug] IoT connected
2023-07-26T05:55:39.579Z +1056043ms [debug] IoT error {"errno":-54,"code":"ECONNRESET","syscall":"read","type":"error","target":{"_events":{},"_eventsCount":0,"readyState":3,"bytesReceived":13,"extensions":null,"protocol":"mqttv3.1","_binaryType":"arraybuffer","_closeFrameReceived":false,"_closeFrameSent":false,"_closeMessage":"","_closeTimer":null,"_finalized":true,"_closeCode":1006,"_receiver":null,"_sender":null,"_socket":null,"_ultron":null,"protocolVersion":13,"_isServer":false,"url":"wss://am4zod4mgpf0n-ats.iot.us-east-1.amazonaws.com/mqtt?X-Amz-Algorithm=AWS4-HMAC-SHA256&X-Amz-Credential=AKIAQJVNZSDNJKAHB6GU%2F20230726%2Fus-east-1%2Fiotdevicegateway%2Faws4_request&X-Amz-Date=20230726T053802Z&X-Amz-SignedHeaders=host&X-Amz-Signature=81023ca5b8f036e3cacc9c6f2d790e2bc4bb93d119b5ddfb73af78a48eff15fa","_req":null}}
2023-07-26T05:55:39.581Z     +2ms [debug] IoT closed
2023-07-26T05:55:40.476Z   +895ms [debug] IoT reconnected
2023-07-26T05:55:41.166Z   +690ms [debug] IoT connected
2023-07-26T06:05:35.188Z +594022ms [debug] IoT error {"errno":-54,"code":"ECONNRESET","syscall":"read","type":"error","target":{"_events":{},"_eventsCount":0,"readyState":3,"bytesReceived":13,"extensions":null,"protocol":"mqttv3.1","_binaryType":"arraybuffer","_closeFrameReceived":false,"_closeFrameSent":false,"_closeMessage":"","_closeTimer":null,"_finalized":true,"_closeCode":1006,"_receiver":null,"_sender":null,"_socket":null,"_ultron":null,"protocolVersion":13,"_isServer":false,"url":"wss://am4zod4mgpf0n-ats.iot.us-east-1.amazonaws.com/mqtt?X-Amz-Algorithm=AWS4-HMAC-SHA256&X-Amz-Credential=AKIAQJVNZSDNJKAHB6GU%2F20230726%2Fus-east-1%2Fiotdevicegateway%2Faws4_request&X-Amz-Date=20230726T055540Z&X-Amz-SignedHeaders=host&X-Amz-Signature=097b8a804afdef54ac109aefc2addc4c71addbdda9c794ec773251be59c411fe","_req":null}}
2023-07-26T06:05:35.188Z     +0ms [debug] IoT closed
2023-07-26T06:05:36.191Z  +1003ms [debug] IoT reconnected
2023-07-26T06:05:37.337Z  +1146ms [debug] IoT connected
2023-07-26T06:23:01.289Z +1043952ms [debug] IoT error {"errno":-54,"code":"ECONNRESET","syscall":"read","type":"error","target":{"_events":{},"_eventsCount":0,"readyState":3,"bytesReceived":13,"extensions":null,"protocol":"mqttv3.1","_binaryType":"arraybuffer","_closeFrameReceived":false,"_closeFrameSent":false,"_closeMessage":"","_closeTimer":null,"_finalized":true,"_closeCode":1006,"_receiver":null,"_sender":null,"_socket":null,"_ultron":null,"protocolVersion":13,"_isServer":false,"url":"wss://am4zod4mgpf0n-ats.iot.us-east-1.amazonaws.com/mqtt?X-Amz-Algorithm=AWS4-HMAC-SHA256&X-Amz-Credential=AKIAQJVNZSDNJKAHB6GU%2F20230726%2Fus-east-1%2Fiotdevicegateway%2Faws4_request&X-Amz-Date=20230726T060536Z&X-Amz-SignedHeaders=host&X-Amz-Signature=f0ab651c3f308a787610f38c6a88b71b1cd9531a28dac12765aa86f63e3b72e7","_req":null}}
2023-07-26T06:23:01.290Z     +1ms [debug] IoT closed
2023-07-26T06:23:02.352Z  +1062ms [debug] IoT reconnected
2023-07-26T06:23:04.034Z  +1682ms [debug] IoT connected
2023-07-26T06:39:28.557Z +984523ms [debug] IoT error {"errno":-54,"code":"ECONNRESET","syscall":"read","type":"error","target":{"_events":{},"_eventsCount":0,"readyState":3,"bytesReceived":13,"extensions":null,"protocol":"mqttv3.1","_binaryType":"arraybuffer","_closeFrameReceived":false,"_closeFrameSent":false,"_closeMessage":"","_closeTimer":null,"_finalized":true,"_closeCode":1006,"_receiver":null,"_sender":null,"_socket":null,"_ultron":null,"protocolVersion":13,"_isServer":false,"url":"wss://am4zod4mgpf0n-ats.iot.us-east-1.amazonaws.com/mqtt?X-Amz-Algorithm=AWS4-HMAC-SHA256&X-Amz-Credential=AKIAQJVNZSDNJKAHB6GU%2F20230726%2Fus-east-1%2Fiotdevicegateway%2Faws4_request&X-Amz-Date=20230726T062302Z&X-Amz-SignedHeaders=host&X-Amz-Signature=e6f2134081110acec9c9293a0ecb4d6e0414b3084e0a785fc86a831edc5cdd59","_req":null}}
2023-07-26T06:39:28.491Z   +-66ms [debug] IoT closed
2023-07-26T06:39:29.492Z  +1001ms [debug] IoT reconnected
2023-07-26T06:39:30.212Z   +720ms [debug] IoT connected
2023-07-26T06:55:49.342Z +979130ms [debug] IoT error {"errno":-54,"code":"ECONNRESET","syscall":"read","type":"error","target":{"_events":{},"_eventsCount":0,"readyState":3,"bytesReceived":13,"extensions":null,"protocol":"mqttv3.1","_binaryType":"arraybuffer","_closeFrameReceived":false,"_closeFrameSent":false,"_closeMessage":"","_closeTimer":null,"_finalized":true,"_closeCode":1006,"_receiver":null,"_sender":null,"_socket":null,"_ultron":null,"protocolVersion":13,"_isServer":false,"url":"wss://am4zod4mgpf0n-ats.iot.us-east-1.amazonaws.com/mqtt?X-Amz-Algorithm=AWS4-HMAC-SHA256&X-Amz-Credential=AKIAQJVNZSDNJKAHB6GU%2F20230726%2Fus-east-1%2Fiotdevicegateway%2Faws4_request&X-Amz-Date=20230726T063929Z&X-Amz-SignedHeaders=host&X-Amz-Signature=f4e2d6963987cd1fdd21498959dfc21bcbcca15aae20a04f175b8e46100e9497","_req":null}}
2023-07-26T06:55:49.342Z     +0ms [debug] IoT closed
2023-07-26T06:55:50.289Z   +947ms [debug] IoT reconnected
2023-07-26T06:55:50.964Z   +675ms [debug] IoT connected
2023-07-26T07:09:04.434Z +793470ms [debug] IoT error {"errno":-54,"code":"ECONNRESET","syscall":"read","type":"error","target":{"_events":{},"_eventsCount":0,"readyState":3,"bytesReceived":13,"extensions":null,"protocol":"mqttv3.1","_binaryType":"arraybuffer","_closeFrameReceived":false,"_closeFrameSent":false,"_closeMessage":"","_closeTimer":null,"_finalized":true,"_closeCode":1006,"_receiver":null,"_sender":null,"_socket":null,"_ultron":null,"protocolVersion":13,"_isServer":false,"url":"wss://am4zod4mgpf0n-ats.iot.us-east-1.amazonaws.com/mqtt?X-Amz-Algorithm=AWS4-HMAC-SHA256&X-Amz-Credential=AKIAQJVNZSDNJKAHB6GU%2F20230726%2Fus-east-1%2Fiotdevicegateway%2Faws4_request&X-Amz-Date=20230726T065550Z&X-Amz-SignedHeaders=host&X-Amz-Signature=2a27ee3f363d43bce2097db12516888248011452a1e449ee398a30335122ab92","_req":null}}
2023-07-26T07:09:04.434Z     +0ms [debug] IoT closed
2023-07-26T07:09:05.437Z  +1003ms [debug] IoT reconnected
2023-07-26T07:09:06.174Z   +737ms [debug] IoT connected
2023-07-26T07:24:29.260Z +923086ms [debug] IoT error {"errno":-54,"code":"ECONNRESET","syscall":"read","type":"error","target":{"_events":{},"_eventsCount":0,"readyState":3,"bytesReceived":13,"extensions":null,"protocol":"mqttv3.1","_binaryType":"arraybuffer","_closeFrameReceived":false,"_closeFrameSent":false,"_closeMessage":"","_closeTimer":null,"_finalized":true,"_closeCode":1006,"_receiver":null,"_sender":null,"_socket":null,"_ultron":null,"protocolVersion":13,"_isServer":false,"url":"wss://am4zod4mgpf0n-ats.iot.us-east-1.amazonaws.com/mqtt?X-Amz-Algorithm=AWS4-HMAC-SHA256&X-Amz-Credential=AKIAQJVNZSDNJKAHB6GU%2F20230726%2Fus-east-1%2Fiotdevicegateway%2Faws4_request&X-Amz-Date=20230726T070905Z&X-Amz-SignedHeaders=host&X-Amz-Signature=61b5baaccc5476478b071db9374b8c772afc8b7b3ec0989c1adf7f7ac84d5d5a","_req":null}}
2023-07-26T07:24:29.261Z     +1ms [debug] IoT closed
2023-07-26T07:24:30.197Z   +936ms [debug] IoT reconnected
2023-07-26T07:24:30.885Z   +688ms [debug] IoT connected
2023-07-26T07:37:25.400Z +774515ms [debug] IoT error {"errno":-54,"code":"ECONNRESET","syscall":"read","type":"error","target":{"_events":{},"_eventsCount":0,"readyState":3,"bytesReceived":13,"extensions":null,"protocol":"mqttv3.1","_binaryType":"arraybuffer","_closeFrameReceived":false,"_closeFrameSent":false,"_closeMessage":"","_closeTimer":null,"_finalized":true,"_closeCode":1006,"_receiver":null,"_sender":null,"_socket":null,"_ultron":null,"protocolVersion":13,"_isServer":false,"url":"wss://am4zod4mgpf0n-ats.iot.us-east-1.amazonaws.com/mqtt?X-Amz-Algorithm=AWS4-HMAC-SHA256&X-Amz-Credential=AKIAQJVNZSDNJKAHB6GU%2F20230726%2Fus-east-1%2Fiotdevicegateway%2Faws4_request&X-Amz-Date=20230726T072430Z&X-Amz-SignedHeaders=host&X-Amz-Signature=a2b831417ef81dc64c89b252bc8e1aa4073e96fa3c95861bb511d315c18dcb0f","_req":null}}
2023-07-26T07:37:25.401Z     +1ms [debug] IoT closed
2023-07-26T07:37:26.348Z   +947ms [debug] IoT reconnected
2023-07-26T07:37:27.054Z   +706ms [debug] IoT connected
2023-07-26T07:48:30.267Z +663213ms [debug] IoT error {"errno":-54,"code":"ECONNRESET","syscall":"read","type":"error","target":{"_events":{},"_eventsCount":0,"readyState":3,"bytesReceived":13,"extensions":null,"protocol":"mqttv3.1","_binaryType":"arraybuffer","_closeFrameReceived":false,"_closeFrameSent":false,"_closeMessage":"","_closeTimer":null,"_finalized":true,"_closeCode":1006,"_receiver":null,"_sender":null,"_socket":null,"_ultron":null,"protocolVersion":13,"_isServer":false,"url":"wss://am4zod4mgpf0n-ats.iot.us-east-1.amazonaws.com/mqtt?X-Amz-Algorithm=AWS4-HMAC-SHA256&X-Amz-Credential=AKIAQJVNZSDNJKAHB6GU%2F20230726%2Fus-east-1%2Fiotdevicegateway%2Faws4_request&X-Amz-Date=20230726T073726Z&X-Amz-SignedHeaders=host&X-Amz-Signature=a5366f4f7d90685866973e17a6b023e63d24deba626f4161c12e49ca6d5884c2","_req":null}}
2023-07-26T07:48:30.267Z     +0ms [debug] IoT closed
2023-07-26T07:48:31.269Z  +1002ms [debug] IoT reconnected
2023-07-26T07:48:31.961Z   +692ms [debug] IoT connected
2023-07-26T08:03:45.092Z +913131ms [debug] IoT error {"errno":-54,"code":"ECONNRESET","syscall":"read","type":"error","target":{"_events":{},"_eventsCount":0,"readyState":3,"bytesReceived":13,"extensions":null,"protocol":"mqttv3.1","_binaryType":"arraybuffer","_closeFrameReceived":false,"_closeFrameSent":false,"_closeMessage":"","_closeTimer":null,"_finalized":true,"_closeCode":1006,"_receiver":null,"_sender":null,"_socket":null,"_ultron":null,"protocolVersion":13,"_isServer":false,"url":"wss://am4zod4mgpf0n-ats.iot.us-east-1.amazonaws.com/mqtt?X-Amz-Algorithm=AWS4-HMAC-SHA256&X-Amz-Credential=AKIAQJVNZSDNJKAHB6GU%2F20230726%2Fus-east-1%2Fiotdevicegateway%2Faws4_request&X-Amz-Date=20230726T074831Z&X-Amz-SignedHeaders=host&X-Amz-Signature=789b8da8709a583655e9abdeab50faf2bf25a99a454900774f65d15a3e746961","_req":null}}
2023-07-26T08:03:45.092Z     +0ms [debug] IoT closed
2023-07-26T08:03:45.999Z   +907ms [debug] IoT reconnected
2023-07-26T08:03:46.712Z   +713ms [debug] IoT connected
2023-07-26T08:21:37.887Z +1071175ms [debug] IoT error {"errno":-54,"code":"ECONNRESET","syscall":"read","type":"error","target":{"_events":{},"_eventsCount":0,"readyState":3,"bytesReceived":13,"extensions":null,"protocol":"mqttv3.1","_binaryType":"arraybuffer","_closeFrameReceived":false,"_closeFrameSent":false,"_closeMessage":"","_closeTimer":null,"_finalized":true,"_closeCode":1006,"_receiver":null,"_sender":null,"_socket":null,"_ultron":null,"protocolVersion":13,"_isServer":false,"url":"wss://am4zod4mgpf0n-ats.iot.us-east-1.amazonaws.com/mqtt?X-Amz-Algorithm=AWS4-HMAC-SHA256&X-Amz-Credential=AKIAQJVNZSDNJKAHB6GU%2F20230726%2Fus-east-1%2Fiotdevicegateway%2Faws4_request&X-Amz-Date=20230726T080346Z&X-Amz-SignedHeaders=host&X-Amz-Signature=cfec3da31d05e3acab7c85bf66e6e0347cc607bd9bac30588d579651fcff351d","_req":null}}
2023-07-26T08:21:37.889Z     +2ms [debug] IoT closed
2023-07-26T08:21:39.058Z  +1169ms [debug] IoT reconnected
2023-07-26T08:21:39.745Z   +687ms [debug] IoT connected
2023-07-26T08:38:01.030Z +981285ms [debug] IoT error {"errno":-54,"code":"ECONNRESET","syscall":"read","type":"error","target":{"_events":{},"_eventsCount":0,"readyState":3,"bytesReceived":13,"extensions":null,"protocol":"mqttv3.1","_binaryType":"arraybuffer","_closeFrameReceived":false,"_closeFrameSent":false,"_closeMessage":"","_closeTimer":null,"_finalized":true,"_closeCode":1006,"_receiver":null,"_sender":null,"_socket":null,"_ultron":null,"protocolVersion":13,"_isServer":false,"url":"wss://am4zod4mgpf0n-ats.iot.us-east-1.amazonaws.com/mqtt?X-Amz-Algorithm=AWS4-HMAC-SHA256&X-Amz-Credential=AKIAQJVNZSDNJKAHB6GU%2F20230726%2Fus-east-1%2Fiotdevicegateway%2Faws4_request&X-Amz-Date=20230726T082139Z&X-Amz-SignedHeaders=host&X-Amz-Signature=92e6d7c7c855dd3ba8851c523ae100f6d5100242110634bdbcc41fe856de71ee","_req":null}}
2023-07-26T08:38:01.030Z     +0ms [debug] IoT closed
2023-07-26T08:38:02.031Z  +1001ms [debug] IoT reconnected
2023-07-26T08:38:02.782Z   +751ms [debug] IoT connected
2023-07-26T08:55:16.994Z +1034212ms [debug] IoT error {"errno":-54,"code":"ECONNRESET","syscall":"read","type":"error","target":{"_events":{},"_eventsCount":0,"readyState":3,"bytesReceived":13,"extensions":null,"protocol":"mqttv3.1","_binaryType":"arraybuffer","_closeFrameReceived":false,"_closeFrameSent":false,"_closeMessage":"","_closeTimer":null,"_finalized":true,"_closeCode":1006,"_receiver":null,"_sender":null,"_socket":null,"_ultron":null,"protocolVersion":13,"_isServer":false,"url":"wss://am4zod4mgpf0n-ats.iot.us-east-1.amazonaws.com/mqtt?X-Amz-Algorithm=AWS4-HMAC-SHA256&X-Amz-Credential=AKIAQJVNZSDNJKAHB6GU%2F20230726%2Fus-east-1%2Fiotdevicegateway%2Faws4_request&X-Amz-Date=20230726T083802Z&X-Amz-SignedHeaders=host&X-Amz-Signature=ea93bdb0e1aec8631aa0267fa473bfc70194174691810183fbee07e85878a5ca","_req":null}}
2023-07-26T08:55:16.994Z     +0ms [debug] IoT closed
2023-07-26T08:55:17.996Z  +1002ms [debug] IoT reconnected
2023-07-26T08:55:18.749Z   +753ms [debug] IoT connected
2023-07-26T09:11:42.096Z +983347ms [debug] IoT error {"errno":-54,"code":"ECONNRESET","syscall":"read","type":"error","target":{"_events":{},"_eventsCount":0,"readyState":3,"bytesReceived":13,"extensions":null,"protocol":"mqttv3.1","_binaryType":"arraybuffer","_closeFrameReceived":false,"_closeFrameSent":false,"_closeMessage":"","_closeTimer":null,"_finalized":true,"_closeCode":1006,"_receiver":null,"_sender":null,"_socket":null,"_ultron":null,"protocolVersion":13,"_isServer":false,"url":"wss://am4zod4mgpf0n-ats.iot.us-east-1.amazonaws.com/mqtt?X-Amz-Algorithm=AWS4-HMAC-SHA256&X-Amz-Credential=AKIAQJVNZSDNJKAHB6GU%2F20230726%2Fus-east-1%2Fiotdevicegateway%2Faws4_request&X-Amz-Date=20230726T085517Z&X-Amz-SignedHeaders=host&X-Amz-Signature=432a558b980e39e095e07977323e09be3fb8920f1fa6e3b812c34c135f24712d","_req":null}}
2023-07-26T09:11:42.096Z     +0ms [debug] IoT closed
2023-07-26T09:11:43.099Z  +1003ms [debug] IoT reconnected
2023-07-26T09:11:43.792Z   +693ms [debug] IoT connected
2023-07-26T09:28:06.079Z +982287ms [debug] IoT error {"errno":-54,"code":"ECONNRESET","syscall":"read","type":"error","target":{"_events":{},"_eventsCount":0,"readyState":3,"bytesReceived":13,"extensions":null,"protocol":"mqttv3.1","_binaryType":"arraybuffer","_closeFrameReceived":false,"_closeFrameSent":false,"_closeMessage":"","_closeTimer":null,"_finalized":true,"_closeCode":1006,"_receiver":null,"_sender":null,"_socket":null,"_ultron":null,"protocolVersion":13,"_isServer":false,"url":"wss://am4zod4mgpf0n-ats.iot.us-east-1.amazonaws.com/mqtt?X-Amz-Algorithm=AWS4-HMAC-SHA256&X-Amz-Credential=AKIAQJVNZSDNJKAHB6GU%2F20230726%2Fus-east-1%2Fiotdevicegateway%2Faws4_request&X-Amz-Date=20230726T091143Z&X-Amz-SignedHeaders=host&X-Amz-Signature=2f3a458d25fafb2a3bac7dff94e15751a88c3f8a593ea179722b6d6f7dde2b27","_req":null}}
2023-07-26T09:28:06.081Z     +2ms [debug] IoT closed
2023-07-26T09:28:07.083Z  +1002ms [debug] IoT reconnected
2023-07-26T09:28:07.783Z   +700ms [debug] IoT connected
2023-07-26T09:39:28.417Z +680634ms [debug] IoT error {"errno":-54,"code":"ECONNRESET","syscall":"read","type":"error","target":{"_events":{},"_eventsCount":0,"readyState":3,"bytesReceived":13,"extensions":null,"protocol":"mqttv3.1","_binaryType":"arraybuffer","_closeFrameReceived":false,"_closeFrameSent":false,"_closeMessage":"","_closeTimer":null,"_finalized":true,"_closeCode":1006,"_receiver":null,"_sender":null,"_socket":null,"_ultron":null,"protocolVersion":13,"_isServer":false,"url":"wss://am4zod4mgpf0n-ats.iot.us-east-1.amazonaws.com/mqtt?X-Amz-Algorithm=AWS4-HMAC-SHA256&X-Amz-Credential=AKIAQJVNZSDNJKAHB6GU%2F20230726%2Fus-east-1%2Fiotdevicegateway%2Faws4_request&X-Amz-Date=20230726T092807Z&X-Amz-SignedHeaders=host&X-Amz-Signature=bbeb0af94f6b523cdb4eb5135890914363d89a50ab53f81fe03ef7b1cb68c97e","_req":null}}
2023-07-26T09:39:28.417Z     +0ms [debug] IoT closed
2023-07-26T09:39:29.359Z   +942ms [debug] IoT reconnected
2023-07-26T09:39:31.079Z  +1720ms [debug] IoT connected
2023-07-26T09:57:26.314Z +1075235ms [debug] IoT error {"errno":-54,"code":"ECONNRESET","syscall":"read","type":"error","target":{"_events":{},"_eventsCount":0,"readyState":3,"bytesReceived":13,"extensions":null,"protocol":"mqttv3.1","_binaryType":"arraybuffer","_closeFrameReceived":false,"_closeFrameSent":false,"_closeMessage":"","_closeTimer":null,"_finalized":true,"_closeCode":1006,"_receiver":null,"_sender":null,"_socket":null,"_ultron":null,"protocolVersion":13,"_isServer":false,"url":"wss://am4zod4mgpf0n-ats.iot.us-east-1.amazonaws.com/mqtt?X-Amz-Algorithm=AWS4-HMAC-SHA256&X-Amz-Credential=AKIAQJVNZSDNJKAHB6GU%2F20230726%2Fus-east-1%2Fiotdevicegateway%2Faws4_request&X-Amz-Date=20230726T093929Z&X-Amz-SignedHeaders=host&X-Amz-Signature=e5883f93b4d6518085816ff7881088e3239d85c829cc325c63718cbb1c20e200","_req":null}}
2023-07-26T09:57:26.315Z     +1ms [debug] IoT closed
2023-07-26T09:57:27.170Z   +855ms [debug] IoT reconnected
2023-07-26T09:57:27.898Z   +728ms [debug] IoT connected
2023-07-26T10:11:19.537Z +831639ms [debug] IoT error {"errno":-54,"code":"ECONNRESET","syscall":"read","type":"error","target":{"_events":{},"_eventsCount":0,"readyState":3,"bytesReceived":13,"extensions":null,"protocol":"mqttv3.1","_binaryType":"arraybuffer","_closeFrameReceived":false,"_closeFrameSent":false,"_closeMessage":"","_closeTimer":null,"_finalized":true,"_closeCode":1006,"_receiver":null,"_sender":null,"_socket":null,"_ultron":null,"protocolVersion":13,"_isServer":false,"url":"wss://am4zod4mgpf0n-ats.iot.us-east-1.amazonaws.com/mqtt?X-Amz-Algorithm=AWS4-HMAC-SHA256&X-Amz-Credential=AKIAQJVNZSDNJKAHB6GU%2F20230726%2Fus-east-1%2Fiotdevicegateway%2Faws4_request&X-Amz-Date=20230726T095727Z&X-Amz-SignedHeaders=host&X-Amz-Signature=d8198e53b264ee123c39a3c959f33d502fd891d0cee71c6903b439445bc5688a","_req":null}}
2023-07-26T10:11:19.537Z     +0ms [debug] IoT closed
2023-07-26T10:11:20.416Z   +879ms [debug] IoT reconnected
2023-07-26T10:11:21.090Z   +674ms [debug] IoT connected
2023-07-26T10:28:40.802Z +1039712ms [debug] IoT error {"errno":-54,"code":"ECONNRESET","syscall":"read","type":"error","target":{"_events":{},"_eventsCount":0,"readyState":3,"bytesReceived":13,"extensions":null,"protocol":"mqttv3.1","_binaryType":"arraybuffer","_closeFrameReceived":false,"_closeFrameSent":false,"_closeMessage":"","_closeTimer":null,"_finalized":true,"_closeCode":1006,"_receiver":null,"_sender":null,"_socket":null,"_ultron":null,"protocolVersion":13,"_isServer":false,"url":"wss://am4zod4mgpf0n-ats.iot.us-east-1.amazonaws.com/mqtt?X-Amz-Algorithm=AWS4-HMAC-SHA256&X-Amz-Credential=AKIAQJVNZSDNJKAHB6GU%2F20230726%2Fus-east-1%2Fiotdevicegateway%2Faws4_request&X-Amz-Date=20230726T101120Z&X-Amz-SignedHeaders=host&X-Amz-Signature=47989c1ac732e22665b4520038adcb10219f5618d591847341ac73f5429e9ae5","_req":null}}
2023-07-26T10:28:40.802Z     +0ms [debug] IoT closed
2023-07-26T10:28:41.804Z  +1002ms [debug] IoT reconnected
2023-07-26T10:28:42.522Z   +718ms [debug] IoT connected
2023-07-26T10:43:55.777Z +913255ms [debug] IoT error {"errno":-54,"code":"ECONNRESET","syscall":"read","type":"error","target":{"_events":{},"_eventsCount":0,"readyState":3,"bytesReceived":13,"extensions":null,"protocol":"mqttv3.1","_binaryType":"arraybuffer","_closeFrameReceived":false,"_closeFrameSent":false,"_closeMessage":"","_closeTimer":null,"_finalized":true,"_closeCode":1006,"_receiver":null,"_sender":null,"_socket":null,"_ultron":null,"protocolVersion":13,"_isServer":false,"url":"wss://am4zod4mgpf0n-ats.iot.us-east-1.amazonaws.com/mqtt?X-Amz-Algorithm=AWS4-HMAC-SHA256&X-Amz-Credential=AKIAQJVNZSDNJKAHB6GU%2F20230726%2Fus-east-1%2Fiotdevicegateway%2Faws4_request&X-Amz-Date=20230726T102841Z&X-Amz-SignedHeaders=host&X-Amz-Signature=934dd566b43a2bc0de4d41557d47f5adb44b2388c17abf06d3b7fa69353e1823","_req":null}}
2023-07-26T10:43:55.778Z     +1ms [debug] IoT closed
2023-07-26T10:43:56.781Z  +1003ms [debug] IoT reconnected
2023-07-26T10:43:57.478Z   +697ms [debug] IoT connected
2023-07-26T10:59:02.709Z +905231ms [debug] IoT error {"errno":-54,"code":"ECONNRESET","syscall":"read","type":"error","target":{"_events":{},"_eventsCount":0,"readyState":3,"bytesReceived":13,"extensions":null,"protocol":"mqttv3.1","_binaryType":"arraybuffer","_closeFrameReceived":false,"_closeFrameSent":false,"_closeMessage":"","_closeTimer":null,"_finalized":true,"_closeCode":1006,"_receiver":null,"_sender":null,"_socket":null,"_ultron":null,"protocolVersion":13,"_isServer":false,"url":"wss://am4zod4mgpf0n-ats.iot.us-east-1.amazonaws.com/mqtt?X-Amz-Algorithm=AWS4-HMAC-SHA256&X-Amz-Credential=AKIAQJVNZSDNJKAHB6GU%2F20230726%2Fus-east-1%2Fiotdevicegateway%2Faws4_request&X-Amz-Date=20230726T104356Z&X-Amz-SignedHeaders=host&X-Amz-Signature=4f9bc63b9378a2499e80715771b8c9ee6857fa4baeb79b1fe38d8dd4897732eb","_req":null}}
2023-07-26T10:59:02.709Z     +0ms [debug] IoT closed
2023-07-26T10:59:03.713Z  +1004ms [debug] IoT reconnected
2023-07-26T10:59:04.436Z   +723ms [debug] IoT connected
2023-07-26T11:15:30.487Z +986051ms [debug] IoT error {"errno":-54,"code":"ECONNRESET","syscall":"read","type":"error","target":{"_events":{},"_eventsCount":0,"readyState":3,"bytesReceived":13,"extensions":null,"protocol":"mqttv3.1","_binaryType":"arraybuffer","_closeFrameReceived":false,"_closeFrameSent":false,"_closeMessage":"","_closeTimer":null,"_finalized":true,"_closeCode":1006,"_receiver":null,"_sender":null,"_socket":null,"_ultron":null,"protocolVersion":13,"_isServer":false,"url":"wss://am4zod4mgpf0n-ats.iot.us-east-1.amazonaws.com/mqtt?X-Amz-Algorithm=AWS4-HMAC-SHA256&X-Amz-Credential=AKIAQJVNZSDNJKAHB6GU%2F20230726%2Fus-east-1%2Fiotdevicegateway%2Faws4_request&X-Amz-Date=20230726T105903Z&X-Amz-SignedHeaders=host&X-Amz-Signature=7ca891310ff781178398b4f33d87a3765cb0b2a013e146c1453341050b8b5ad3","_req":null}}
2023-07-26T11:15:30.488Z     +1ms [debug] IoT closed
2023-07-26T11:15:31.489Z  +1001ms [debug] IoT reconnected
2023-07-26T11:15:32.222Z   +733ms [debug] IoT connected
2023-07-26T11:37:22.741Z +1310519ms [debug] IoT error {"errno":-54,"code":"ECONNRESET","syscall":"read","type":"error","target":{"_events":{},"_eventsCount":0,"readyState":3,"bytesReceived":17,"extensions":null,"protocol":"mqttv3.1","_binaryType":"arraybuffer","_closeFrameReceived":false,"_closeFrameSent":false,"_closeMessage":"","_closeTimer":null,"_finalized":true,"_closeCode":1006,"_receiver":null,"_sender":null,"_socket":null,"_ultron":null,"protocolVersion":13,"_isServer":false,"url":"wss://am4zod4mgpf0n-ats.iot.us-east-1.amazonaws.com/mqtt?X-Amz-Algorithm=AWS4-HMAC-SHA256&X-Amz-Credential=AKIAQJVNZSDNJKAHB6GU%2F20230726%2Fus-east-1%2Fiotdevicegateway%2Faws4_request&X-Amz-Date=20230726T111531Z&X-Amz-SignedHeaders=host&X-Amz-Signature=16781df91fc4a6b6b2c714d534e23623bcc5d8593ebb483641b125b5b7f7ccff","_req":null}}
2023-07-26T11:37:22.741Z     +0ms [debug] IoT closed
2023-07-26T11:37:23.744Z  +1003ms [debug] IoT reconnected
2023-07-26T11:37:24.472Z   +728ms [debug] IoT connected
2023-07-26T11:54:41.602Z +1037130ms [debug] IoT error {"errno":-54,"code":"ECONNRESET","syscall":"read","type":"error","target":{"_events":{},"_eventsCount":0,"readyState":3,"bytesReceived":13,"extensions":null,"protocol":"mqttv3.1","_binaryType":"arraybuffer","_closeFrameReceived":false,"_closeFrameSent":false,"_closeMessage":"","_closeTimer":null,"_finalized":true,"_closeCode":1006,"_receiver":null,"_sender":null,"_socket":null,"_ultron":null,"protocolVersion":13,"_isServer":false,"url":"wss://am4zod4mgpf0n-ats.iot.us-east-1.amazonaws.com/mqtt?X-Amz-Algorithm=AWS4-HMAC-SHA256&X-Amz-Credential=AKIAQJVNZSDNJKAHB6GU%2F20230726%2Fus-east-1%2Fiotdevicegateway%2Faws4_request&X-Amz-Date=20230726T113723Z&X-Amz-SignedHeaders=host&X-Amz-Signature=480150dab049752177a22bcf786189248de89da9f6c697639505bb81a6845359","_req":null}}
2023-07-26T11:54:41.602Z     +0ms [debug] IoT closed
2023-07-26T11:54:42.547Z   +945ms [debug] IoT reconnected
2023-07-26T11:54:43.253Z   +706ms [debug] IoT connected
2023-07-26T12:09:59.472Z +916219ms [debug] IoT error {"errno":-54,"code":"ECONNRESET","syscall":"read","type":"error","target":{"_events":{},"_eventsCount":0,"readyState":3,"bytesReceived":13,"extensions":null,"protocol":"mqttv3.1","_binaryType":"arraybuffer","_closeFrameReceived":false,"_closeFrameSent":false,"_closeMessage":"","_closeTimer":null,"_finalized":true,"_closeCode":1006,"_receiver":null,"_sender":null,"_socket":null,"_ultron":null,"protocolVersion":13,"_isServer":false,"url":"wss://am4zod4mgpf0n-ats.iot.us-east-1.amazonaws.com/mqtt?X-Amz-Algorithm=AWS4-HMAC-SHA256&X-Amz-Credential=AKIAQJVNZSDNJKAHB6GU%2F20230726%2Fus-east-1%2Fiotdevicegateway%2Faws4_request&X-Amz-Date=20230726T115442Z&X-Amz-SignedHeaders=host&X-Amz-Signature=77939782f74aa4e671a7681111d073feea066ff88062e4f5860c0102f29e6982","_req":null}}
2023-07-26T12:09:59.473Z     +1ms [debug] IoT closed
2023-07-26T12:10:00.474Z  +1001ms [debug] IoT reconnected
2023-07-26T12:10:01.205Z   +731ms [debug] IoT connected
2023-07-26T12:27:17.471Z +1036266ms [debug] IoT error {"errno":-54,"code":"ECONNRESET","syscall":"read","type":"error","target":{"_events":{},"_eventsCount":0,"readyState":3,"bytesReceived":13,"extensions":null,"protocol":"mqttv3.1","_binaryType":"arraybuffer","_closeFrameReceived":false,"_closeFrameSent":false,"_closeMessage":"","_closeTimer":null,"_finalized":true,"_closeCode":1006,"_receiver":null,"_sender":null,"_socket":null,"_ultron":null,"protocolVersion":13,"_isServer":false,"url":"wss://am4zod4mgpf0n-ats.iot.us-east-1.amazonaws.com/mqtt?X-Amz-Algorithm=AWS4-HMAC-SHA256&X-Amz-Credential=AKIAQJVNZSDNJKAHB6GU%2F20230726%2Fus-east-1%2Fiotdevicegateway%2Faws4_request&X-Amz-Date=20230726T121000Z&X-Amz-SignedHeaders=host&X-Amz-Signature=7f952f8b4ef39476d66b0f64e6a93924c7eb43fd35bcae9b2b6062af1f26696f","_req":null}}
2023-07-26T12:27:17.471Z     +0ms [debug] IoT closed
2023-07-26T12:27:18.475Z  +1004ms [debug] IoT reconnected
2023-07-26T12:27:19.149Z   +674ms [debug] IoT connected
2023-07-26T12:42:31.835Z +912686ms [debug] IoT error {"errno":-54,"code":"ECONNRESET","syscall":"read","type":"error","target":{"_events":{},"_eventsCount":0,"readyState":3,"bytesReceived":13,"extensions":null,"protocol":"mqttv3.1","_binaryType":"arraybuffer","_closeFrameReceived":false,"_closeFrameSent":false,"_closeMessage":"","_closeTimer":null,"_finalized":true,"_closeCode":1006,"_receiver":null,"_sender":null,"_socket":null,"_ultron":null,"protocolVersion":13,"_isServer":false,"url":"wss://am4zod4mgpf0n-ats.iot.us-east-1.amazonaws.com/mqtt?X-Amz-Algorithm=AWS4-HMAC-SHA256&X-Amz-Credential=AKIAQJVNZSDNJKAHB6GU%2F20230726%2Fus-east-1%2Fiotdevicegateway%2Faws4_request&X-Amz-Date=20230726T122718Z&X-Amz-SignedHeaders=host&X-Amz-Signature=b47ec497214de1534276a90a6b2e5e5baa1a490f8d1768b81cd5d099b97b5a62","_req":null}}
2023-07-26T12:42:31.835Z     +0ms [debug] IoT closed
2023-07-26T12:42:32.834Z   +999ms [debug] IoT reconnected
2023-07-26T12:42:33.605Z   +771ms [debug] IoT connected
2023-07-26T12:57:43.396Z +909791ms [debug] IoT error {"errno":-54,"code":"ECONNRESET","syscall":"read","type":"error","target":{"_events":{},"_eventsCount":0,"readyState":3,"bytesReceived":13,"extensions":null,"protocol":"mqttv3.1","_binaryType":"arraybuffer","_closeFrameReceived":false,"_closeFrameSent":false,"_closeMessage":"","_closeTimer":null,"_finalized":true,"_closeCode":1006,"_receiver":null,"_sender":null,"_socket":null,"_ultron":null,"protocolVersion":13,"_isServer":false,"url":"wss://am4zod4mgpf0n-ats.iot.us-east-1.amazonaws.com/mqtt?X-Amz-Algorithm=AWS4-HMAC-SHA256&X-Amz-Credential=AKIAQJVNZSDNJKAHB6GU%2F20230726%2Fus-east-1%2Fiotdevicegateway%2Faws4_request&X-Amz-Date=20230726T124232Z&X-Amz-SignedHeaders=host&X-Amz-Signature=c92a9e598f8da0ad0348407f13f50e5f0bf36b529a6e8176a1c642eea6cb2fa7","_req":null}}
2023-07-26T12:57:43.396Z     +0ms [debug] IoT closed
2023-07-26T12:57:44.309Z   +913ms [debug] IoT reconnected
2023-07-26T12:57:45.062Z   +753ms [debug] IoT connected
2023-07-26T13:14:02.930Z +977868ms [debug] Fetching all metadata
2023-07-26T13:14:03.171Z   +241ms [debug] IoT error {"errno":-54,"code":"ECONNRESET","syscall":"read","type":"error","target":{"_events":{},"_eventsCount":0,"readyState":3,"bytesReceived":13,"extensions":null,"protocol":"mqttv3.1","_binaryType":"arraybuffer","_closeFrameReceived":false,"_closeFrameSent":false,"_closeMessage":"","_closeTimer":null,"_finalized":true,"_closeCode":1006,"_receiver":null,"_sender":null,"_socket":null,"_ultron":null,"protocolVersion":13,"_isServer":false,"url":"wss://am4zod4mgpf0n-ats.iot.us-east-1.amazonaws.com/mqtt?X-Amz-Algorithm=AWS4-HMAC-SHA256&X-Amz-Credential=AKIAQJVNZSDNJKAHB6GU%2F20230726%2Fus-east-1%2Fiotdevicegateway%2Faws4_request&X-Amz-Date=20230726T125744Z&X-Amz-SignedHeaders=host&X-Amz-Signature=ecfd00d682859ad0eb35840550475ade4d50ccb2d2b57040a602ed8349a3b49d","_req":null}}
2023-07-26T13:14:03.172Z     +1ms [debug] IoT closed
2023-07-26T13:14:04.173Z  +1001ms [debug] IoT reconnected
2023-07-26T13:14:04.243Z    +70ms [debug] Fetched metadata from 1 stacks
2023-07-26T13:14:04.871Z   +628ms [debug] IoT connected
2023-07-26T13:29:39.092Z +934221ms [debug] IoT error {"errno":-54,"code":"ECONNRESET","syscall":"read","type":"error","target":{"_events":{},"_eventsCount":0,"readyState":3,"bytesReceived":13,"extensions":null,"protocol":"mqttv3.1","_binaryType":"arraybuffer","_closeFrameReceived":false,"_closeFrameSent":false,"_closeMessage":"","_closeTimer":null,"_finalized":true,"_closeCode":1006,"_receiver":null,"_sender":null,"_socket":null,"_ultron":null,"protocolVersion":13,"_isServer":false,"url":"wss://am4zod4mgpf0n-ats.iot.us-east-1.amazonaws.com/mqtt?X-Amz-Algorithm=AWS4-HMAC-SHA256&X-Amz-Credential=AKIAQJVNZSDNJKAHB6GU%2F20230726%2Fus-east-1%2Fiotdevicegateway%2Faws4_request&X-Amz-Date=20230726T131404Z&X-Amz-SignedHeaders=host&X-Amz-Signature=c5d949eddd3e2a4f1c206b6836f01e886b3fdbaee89bc664edf3fec3feb49847","_req":null}}
2023-07-26T13:29:39.092Z     +0ms [debug] IoT closed
2023-07-26T13:29:40.097Z  +1005ms [debug] IoT reconnected
2023-07-26T13:29:40.782Z   +685ms [debug] IoT connected
2023-07-26T13:40:10.040Z +629258ms [debug] IoT error {"errno":-54,"code":"ECONNRESET","syscall":"read","type":"error","target":{"_events":{},"_eventsCount":0,"readyState":3,"bytesReceived":13,"extensions":null,"protocol":"mqttv3.1","_binaryType":"arraybuffer","_closeFrameReceived":false,"_closeFrameSent":false,"_closeMessage":"","_closeTimer":null,"_finalized":true,"_closeCode":1006,"_receiver":null,"_sender":null,"_socket":null,"_ultron":null,"protocolVersion":13,"_isServer":false,"url":"wss://am4zod4mgpf0n-ats.iot.us-east-1.amazonaws.com/mqtt?X-Amz-Algorithm=AWS4-HMAC-SHA256&X-Amz-Credential=AKIAQJVNZSDNJKAHB6GU%2F20230726%2Fus-east-1%2Fiotdevicegateway%2Faws4_request&X-Amz-Date=20230726T132940Z&X-Amz-SignedHeaders=host&X-Amz-Signature=42bb8c4a510ab753c4a270cd89c235d3777c7aaefbe715f97a296dde198b87a6","_req":null}}
2023-07-26T13:40:10.041Z     +1ms [debug] IoT closed
2023-07-26T13:40:11.043Z  +1002ms [debug] IoT reconnected
2023-07-26T13:40:11.719Z   +676ms [debug] IoT connected
